#0 Burger: BaconCheeseburger (149)
#1 Burger: BaconDoubleCheeseburger (229)
#3 Burger: BaconCheeseburgerDeluxe (169)
#4 Burger: DoubleCheeseburger (169)
#6 Burger: Hamburger (100)
#9 Burger: Cheeseburger (100)
#11 Burger: CrispyChicken (100)
#13 Burger: SpicyCrispyChicken (100)
#15 Burger: RodeoCrispyChicken (100)
#17 Burger: RodeoBurger (100)
#19 Burger: ChickenNuggets (119)
#7 Snack: FrenchFries (239)
#12 Snack: OnionRings (239)
#18 Snack: ChickenNuggets (499)
#2 Drink: Icee (209)
#5 Drink: BottledWater (109)
#10 Drink: AppleJuice (129)
#14 Drink: OrangeJuice (169)
#16 Drink: FountainDrink (239)
#8 Combo (627)
   #1 Burger: BaconDoubleCheeseburger (229)
   #7 Snack: FrenchFries (239)
   #2 Drink: Icee (209)
--- Order ---
#0 Burger: BaconCheeseburger (149)
#1 Burger: BaconDoubleCheeseburger (229)
#2 Drink: Icee (209)
#3 Burger: BaconCheeseburgerDeluxe (169)
#5 Drink: BottledWater (109)
#6 Burger: Hamburger (100)
#7 Snack: FrenchFries (239)
#8 Combo (627)
   #1 Burger: BaconDoubleCheeseburger (229)
   #7 Snack: FrenchFries (239)
   #2 Drink: Icee (209)
#9 Burger: Cheeseburger (100)
#0 Burger: BaconCheeseburger (149)
#1 Burger: BaconDoubleCheeseburger (229)
#2 Drink: Icee (209)
#3 Burger: BaconCheeseburgerDeluxe (169)
#5 Drink: BottledWater (109)
#6 Burger: Hamburger (100)
#7 Snack: FrenchFries (239)
#8 Combo (627)
   #1 Burger: BaconDoubleCheeseburger (229)
   #7 Snack: FrenchFries (239)
   #2 Drink: Icee (209)
#9 Burger: Cheeseburger (100)
#0 Burger: BaconCheeseburger (149)
#1 Burger: BaconDoubleCheeseburger (229)
#2 Drink: Icee (209)
#3 Burger: BaconCheeseburgerDeluxe (169)
#5 Drink: BottledWater (109)
#6 Burger: Hamburger (100)
#7 Snack: FrenchFries (239)
#8 Combo (627)
   #1 Burger: BaconDoubleCheeseburger (229)
   #7 Snack: FrenchFries (239)
   #2 Drink: Icee (209)
#9 Burger: Cheeseburger (100)
#0 Burger: BaconCheeseburger (149)
#1 Burger: BaconDoubleCheeseburger (229)
#2 Drink: Icee (209)
#3 Burger: BaconCheeseburgerDeluxe (169)
#5 Drink: BottledWater (109)
#6 Burger: Hamburger (100)
#7 Snack: FrenchFries (239)
#8 Combo (627)
   #1 Burger: BaconDoubleCheeseburger (229)
   #7 Snack: FrenchFries (239)
   #2 Drink: Icee (209)
#9 Burger: Cheeseburger (100)
#0 Burger: BaconCheeseburger (149)
#1 Burger: BaconDoubleCheeseburger (229)
#2 Drink: Icee (209)
#3 Burger: BaconCheeseburgerDeluxe (169)
#5 Drink: BottledWater (109)
#6 Burger: Hamburger (100)
#7 Snack: FrenchFries (239)
#8 Combo (627)
   #1 Burger: BaconDoubleCheeseburger (229)
   #7 Snack: FrenchFries (239)
   #2 Drink: Icee (209)
#9 Burger: Cheeseburger (100)
Total: 9655
